\BOOKMARK [1][-]{deckblatt.1}{Deckblatt}{}% 1
\BOOKMARK [1][-]{inhalt.1}{Inhaltsverzeichnis}{}% 2
\BOOKMARK [1][-]{section*.6}{Abbildungsverzeichnis}{}% 3
\BOOKMARK [1][-]{section*.8}{Tabellenverzeichnis}{}% 4
\BOOKMARK [1][-]{section*.10}{Listings}{}% 5
\BOOKMARK [1][-]{section*.11}{Abk\374rzungsverzeichnis}{}% 6
\BOOKMARK [1][-]{section.12}{1 Einleitung}{}% 7
\BOOKMARK [2][-]{subsection.13}{1.1 Projektumfeld}{section.12}% 8
\BOOKMARK [2][-]{subsection.21}{1.2 Projektziel}{section.12}% 9
\BOOKMARK [2][-]{subsection.24}{1.3 Projektbegr\374ndung}{section.12}% 10
\BOOKMARK [2][-]{subsection.27}{1.4 Projektschnittstellen}{section.12}% 11
\BOOKMARK [2][-]{subsection.32}{1.5 Projektabgrenzung}{section.12}% 12
\BOOKMARK [1][-]{section.34}{2 Projektplanung}{}% 13
\BOOKMARK [2][-]{subsection.35}{2.1 Projektphasen}{section.34}% 14
\BOOKMARK [2][-]{subsection.37}{2.2 Zeitplanung}{section.34}% 15
\BOOKMARK [2][-]{subsection.39}{2.3 Abweichungen vom Projektantrag}{section.34}% 16
\BOOKMARK [2][-]{subsection.40}{2.4 Ressourcenplanung}{section.34}% 17
\BOOKMARK [2][-]{subsection.42}{2.5 Entwicklungsprozess}{section.34}% 18
\BOOKMARK [1][-]{section.43}{3 Analysephase}{}% 19
\BOOKMARK [2][-]{subsection.44}{3.1 Ist-Analyse}{section.43}% 20
\BOOKMARK [2][-]{subsection.47}{3.2 Wirtschaftlichkeitsanalyse}{section.43}% 21
\BOOKMARK [3][-]{subsubsection.48}{3.2.1 \214Make or Buy\215-Entscheidung}{subsection.47}% 22
\BOOKMARK [3][-]{subsubsection.50}{3.2.2 Projektkosten}{subsection.47}% 23
\BOOKMARK [3][-]{subsubsection.55}{3.2.3 Amortisationsdauer}{subsection.47}% 24
\BOOKMARK [2][-]{subsection.56}{3.3 Nutzwertanalyse}{section.43}% 25
\BOOKMARK [2][-]{subsection.57}{3.4 Anwendungsf\344lle}{section.43}% 26
\BOOKMARK [2][-]{subsection.59}{3.5 Qualit\344tsanforderungen}{section.43}% 27
\BOOKMARK [2][-]{subsection.60}{3.6 Fachkonzept}{section.43}% 28
\BOOKMARK [2][-]{subsection.63}{3.7 Zwischenstand}{section.43}% 29
\BOOKMARK [1][-]{section.65}{4 Entwurfsphase}{}% 30
\BOOKMARK [2][-]{subsection.66}{4.1 Zielplattform}{section.65}% 31
\BOOKMARK [2][-]{subsection.69}{4.2 Netzwerkplan}{section.65}% 32
\BOOKMARK [2][-]{subsection.71}{4.3 Ma\337nahmen zur Qualit\344tssicherung}{section.65}% 33
\BOOKMARK [2][-]{subsection.72}{4.4 Pflichtenheft/Datenverarbeitungskonzept}{section.65}% 34
\BOOKMARK [2][-]{subsection.75}{4.5 Zwischenstand}{section.65}% 35
\BOOKMARK [1][-]{section.77}{5 Implementierungsphase}{}% 36
\BOOKMARK [2][-]{subsection.78}{5.1 Implementierung der Virtuellen Maschinen}{section.77}% 37
\BOOKMARK [2][-]{subsection.79}{5.2 Konfiguration der Router}{section.77}% 38
\BOOKMARK [3][-]{subsubsection.81}{5.2.1 Konfiguration der Interfaces}{subsection.79}% 39
\BOOKMARK [3][-]{subsubsection.84}{5.2.2 Konfiguration der statischen Routern}{subsection.79}% 40
\BOOKMARK [3][-]{subsubsection.85}{5.2.3 Konfiguration von NAT und Port-Forwarding}{subsection.79}% 41
\BOOKMARK [3][-]{subsubsection.87}{5.2.4 Konfiguration des DNS-Server}{subsection.79}% 42
\BOOKMARK [3][-]{subsubsection.88}{5.2.5 Konfiguration des Zeitserver}{subsection.79}% 43
\BOOKMARK [2][-]{subsection.89}{5.3 Implementierung der physischen Hosts}{section.77}% 44
\BOOKMARK [3][-]{subsubsection.90}{5.3.1 Konfiguration der Interfaces}{subsection.89}% 45
\BOOKMARK [3][-]{subsubsection.93}{5.3.2 Konfiguration des Webservers}{subsection.89}% 46
\BOOKMARK [3][-]{subsubsection.94}{5.3.3 Konfiguration der Windows-Firewall}{subsection.89}% 47
\BOOKMARK [3][-]{subsubsection.97}{5.3.4 Konfiguration des Zeitservers}{subsection.89}% 48
\BOOKMARK [2][-]{subsection.98}{5.4 Konfiguration der Firewll}{section.77}% 49
\BOOKMARK [2][-]{subsection.102}{5.5 Zwischenstand}{section.77}% 50
\BOOKMARK [1][-]{section.104}{6 Abnahmephase}{}% 51
\BOOKMARK [2][-]{subsection.106}{6.1 Zwischenstand}{section.104}% 52
\BOOKMARK [1][-]{section.108}{7 Einf\374hrungsphase}{}% 53
\BOOKMARK [2][-]{subsection.109}{7.1 Zwischenstand}{section.108}% 54
\BOOKMARK [1][-]{section.111}{8 Dokumentation}{}% 55
\BOOKMARK [2][-]{subsection.114}{8.1 Zwischenstand}{section.111}% 56
\BOOKMARK [1][-]{section.116}{9 Fazit}{}% 57
\BOOKMARK [2][-]{subsection.117}{9.1 Soll-/Ist-Vergleich}{section.116}% 58
\BOOKMARK [2][-]{subsection.120}{9.2 Lessons Learned}{section.116}% 59
\BOOKMARK [2][-]{subsection.121}{9.3 Ausblick}{section.116}% 60
\BOOKMARK [1][-]{section*.122}{Eidesstattliche Erkl\344rung}{}% 61
\BOOKMARK [1][-]{appendix.123}{A Anhang}{}% 62
\BOOKMARK [2][-]{subsection.124}{A.1 Detaillierte Zeitplanung}{appendix.123}% 63
\BOOKMARK [2][-]{subsection.125}{A.2 Lastenheft \(Auszug\)}{appendix.123}% 64
\BOOKMARK [2][-]{subsection.144}{A.3 Use Case-Diagramm}{appendix.123}% 65
\BOOKMARK [2][-]{subsection.146}{A.4 Pflichtenheft \(Auszug\)}{appendix.123}% 66
\BOOKMARK [2][-]{subsection.159}{A.5 Netzplan}{appendix.123}% 67
\BOOKMARK [2][-]{subsection.161}{A.6 Oberfl\344chenentw\374rfe}{appendix.123}% 68
\BOOKMARK [2][-]{subsection.165}{A.7 Screenshots der Anwendung}{appendix.123}% 69
\BOOKMARK [2][-]{subsection.168}{A.8 Entwicklerdokumentation}{appendix.123}% 70
\BOOKMARK [2][-]{subsection.169}{A.9 Klasse: ComparedNaturalModuleInformation}{appendix.123}% 71
\BOOKMARK [2][-]{subsection.293}{A.10 Klassendiagramm}{appendix.123}% 72
\BOOKMARK [2][-]{subsection.295}{A.11 Benutzerdokumentation}{appendix.123}% 73
\BOOKMARK [1][-]{appendix.296}{B Testdokumentation}{}% 74
\BOOKMARK [2][-]{subsection.297}{B.1 Aufbau der Testumgebung}{appendix.296}% 75
\BOOKMARK [3][-]{subsubsection.299}{B.1.1 Implementierung der Virtuellen Maschinen}{subsection.297}% 76
\BOOKMARK [3][-]{subsubsection.303}{B.1.2 Implementierung des virtuellen Netzwerkes}{subsection.297}% 77
\BOOKMARK [3][-]{subsubsection.306}{B.1.3 Implementierung des DNS-Servers}{subsection.297}% 78
\BOOKMARK [3][-]{subsubsection.307}{B.1.4 Firewall testen}{subsection.297}% 79
